<?xml version="1.0" encoding="UTF-8"?>
<!-- Generated by org.testng.reporters.JUnitReportReporter -->
<testsuite hostname="vivobook-asuslaptop-x512flc-x512fl" failures="0" tests="3" name="com.test.Analytics_Jobs.Job1" time="37.814" errors="0" timestamp="2024-01-30T12:00:01 IST" skipped="0">
  <testcase classname="com.test.Analytics_Jobs.Job1" name="login" time="2.115"/>
  <system-out/>
  <testcase classname="com.test.Analytics_Jobs.Job1" name="analytics" time="10.590"/>
  <system-out/>
  <testcase classname="com.test.Analytics_Jobs.Job1" name="code" time="25.109"/>
  <system-out/>
</testsuite> <!-- com.test.Analytics_Jobs.Job1 -->
